This file contains any messages produced by compilers while
running configure, to aid debugging if configure makes a mistake.

It was created by configure, which was
generated by GNU Autoconf 2.59.  Invocation command line was

  $ ./configure --prefix=/home/epi/PycharmProjects/fuzzing-101-solutions/exercise-1/xpdf/install

## --------- ##
## Platform. ##
## --------- ##

hostname = main
uname -m = x86_64
uname -r = 5.11.0-38-generic
uname -s = Linux
uname -v = #42-Ubuntu SMP Fri Sep 24 14:03:54 UTC 2021

/usr/bin/uname -p = x86_64
/bin/uname -X     = unknown

/bin/arch              = x86_64
/usr/bin/arch -k       = unknown
/usr/convex/getsysinfo = unknown
hostinfo               = unknown
/bin/machine           = unknown
/usr/bin/oslevel       = unknown
/bin/universe          = unknown

PATH: /home/epi/.cargo/bin
PATH: /home/epi/.local/share/virtualenvs/recon-pipeline-nDSyRWzr/bin
PATH: /home/epi/.poetry/bin
PATH: /home/epi/.cargo/bin
PATH: /home/epi/.local/bin
PATH: /usr/local/sbin
PATH: /usr/local/bin
PATH: /usr/sbin
PATH: /usr/bin
PATH: /sbin
PATH: /bin
PATH: /usr/games
PATH: /usr/local/games
PATH: /snap/bin
PATH: /home/epi/.local/bin
PATH: /home/epi/go/bin
PATH: /home/epi/.fzf/bin
PATH: /usr/local/go/bin
PATH: /home/epi/.local/recon-pipeline/tools/pipeline-go/go/bin


## ----------- ##
## Core tests. ##
## ----------- ##

configure:1482: checking for gcc
configure:1508: result: /usr/local/bin/afl-clang-fast
configure:1752: checking for C compiler version
configure:1755: /usr/local/bin/afl-clang-fast --version </dev/null >&5
Ubuntu clang version 11.0.1-2ubuntu4
Target: x86_64-pc-linux-gnu
Thread model: posix
InstalledDir: /usr/lib/llvm-11/bin
configure:1758: $? = 0
configure:1760: /usr/local/bin/afl-clang-fast -v </dev/null >&5
Ubuntu clang version 11.0.1-2ubuntu4
Target: x86_64-pc-linux-gnu
Thread model: posix
InstalledDir: /usr/lib/llvm-11/bin
Found candidate GCC installation: /usr/lib/gcc/x86_64-linux-gnu/10
Found candidate GCC installation: /usr/lib/gcc/x86_64-linux-gnu/8
Found candidate GCC installation: /usr/lib/gcc/x86_64-linux-gnu/9
Selected GCC installation: /usr/lib/gcc/x86_64-linux-gnu/10
Candidate multilib: .;@m64
Selected multilib: .;@m64
 "/usr/bin/ld" --hash-style=both --build-id --eh-frame-hdr -m elf_x86_64 -dynamic-linker /lib64/ld-linux-x86-64.so.2 -o a.out /usr/lib/gcc/x86_64-linux-gnu/10/../../../x86_64-linux-gnu/crt1.o /usr/lib/gcc/x86_64-linux-gnu/10/../../../x86_64-linux-gnu/crti.o /usr/lib/gcc/x86_64-linux-gnu/10/crtbegin.o -L/usr/lib/gcc/x86_64-linux-gnu/10 -L/usr/lib/gcc/x86_64-linux-gnu/10/../../../x86_64-linux-gnu -L/usr/lib/gcc/x86_64-linux-gnu/10/../../../../lib64 -L/lib/x86_64-linux-gnu -L/lib/../lib64 -L/usr/lib/x86_64-linux-gnu -L/usr/lib/../lib64 -L/usr/lib/x86_64-linux-gnu/../../lib64 -L/usr/lib/gcc/x86_64-linux-gnu/10/../../.. -L/usr/lib/llvm-11/bin/../lib -L/lib -L/usr/lib /usr/local/bin/../lib/afl/afl-compiler-rt.o --dynamic-list=/usr/local/bin/../lib/afl/dynamic_list.txt -lgcc --as-needed -lgcc_s --no-as-needed -lc -lgcc --as-needed -lgcc_s --no-as-needed /usr/lib/gcc/x86_64-linux-gnu/10/crtend.o /usr/lib/gcc/x86_64-linux-gnu/10/../../../x86_64-linux-gnu/crtn.o
/usr/bin/ld: /usr/lib/gcc/x86_64-linux-gnu/10/../../../x86_64-linux-gnu/crt1.o: in function `_start':
(.text+0x24): undefined reference to `main'
clang: error: linker command failed with exit code 1 (use -v to see invocation)
configure:1763: $? = 1
configure:1765: /usr/local/bin/afl-clang-fast -V </dev/null >&5
clang: error: unsupported option '-V -g'
configure:1768: $? = 1
configure:1791: checking for C compiler default output file name
configure:1794: /usr/local/bin/afl-clang-fast    conftest.c  >&5
configure:1797: $? = 0
configure:1843: result: a.out
configure:1848: checking whether the C compiler works
configure:1854: ./a.out
configure:1857: $? = 0
configure:1874: result: yes
configure:1881: checking whether we are cross compiling
configure:1883: result: no
configure:1886: checking for suffix of executables
configure:1888: /usr/local/bin/afl-clang-fast -o conftest    conftest.c  >&5
configure:1891: $? = 0
configure:1916: result: 
configure:1922: checking for suffix of object files
configure:1943: /usr/local/bin/afl-clang-fast -c   conftest.c >&5
configure:1946: $? = 0
configure:1968: result: o
configure:1972: checking whether we are using the GNU C compiler
configure:1996: /usr/local/bin/afl-clang-fast -c   conftest.c >&5
configure:2002: $? = 0
configure:2006: test -z 
			 || test ! -s conftest.err
configure:2009: $? = 0
configure:2012: test -s conftest.o
configure:2015: $? = 0
configure:2028: result: yes
configure:2034: checking whether /usr/local/bin/afl-clang-fast accepts -g
configure:2055: /usr/local/bin/afl-clang-fast -c -g  conftest.c >&5
configure:2061: $? = 0
configure:2065: test -z 
			 || test ! -s conftest.err
configure:2068: $? = 0
configure:2071: test -s conftest.o
configure:2074: $? = 0
configure:2085: result: yes
configure:2102: checking for /usr/local/bin/afl-clang-fast option to accept ANSI C
configure:2172: /usr/local/bin/afl-clang-fast  -c -g -O2  conftest.c >&5
configure:2178: $? = 0
configure:2182: test -z 
			 || test ! -s conftest.err
configure:2185: $? = 0
configure:2188: test -s conftest.o
configure:2191: $? = 0
configure:2209: result: none needed
configure:2227: /usr/local/bin/afl-clang-fast -c -g -O2  conftest.c >&5
conftest.c:2:3: error: unknown type name 'choke'
  choke me
  ^
conftest.c:2:11: error: expected ';' after top level declarator
  choke me
          ^
          ;
2 errors generated.
configure:2233: $? = 1
configure: failed program was:
| #ifndef __cplusplus
|   choke me
| #endif
configure:2367: checking for library containing strerror
configure:2397: /usr/local/bin/afl-clang-fast -o conftest -g -O2   conftest.c  >&5
conftest.c:17:6: warning: incompatible redeclaration of library function 'strerror' [-Wincompatible-library-redeclaration]
char strerror ();
     ^
conftest.c:17:6: note: 'strerror' is a builtin with type 'char *(int)'
1 warning generated.
configure:2403: $? = 0
configure:2407: test -z 
			 || test ! -s conftest.err
configure:2410: $? = 0
configure:2413: test -s conftest
configure:2416: $? = 0
configure:2486: result: none required
configure:2591: checking for C++ compiler version
configure:2594: /usr/local/bin/afl-clang-fast++ --version </dev/null >&5
Ubuntu clang version 11.0.1-2ubuntu4
Target: x86_64-pc-linux-gnu
Thread model: posix
InstalledDir: /usr/lib/llvm-11/bin
configure:2597: $? = 0
configure:2599: /usr/local/bin/afl-clang-fast++ -v </dev/null >&5
Ubuntu clang version 11.0.1-2ubuntu4
Target: x86_64-pc-linux-gnu
Thread model: posix
InstalledDir: /usr/lib/llvm-11/bin
Found candidate GCC installation: /usr/lib/gcc/x86_64-linux-gnu/10
Found candidate GCC installation: /usr/lib/gcc/x86_64-linux-gnu/8
Found candidate GCC installation: /usr/lib/gcc/x86_64-linux-gnu/9
Selected GCC installation: /usr/lib/gcc/x86_64-linux-gnu/10
Candidate multilib: .;@m64
Selected multilib: .;@m64
 "/usr/bin/ld" --hash-style=both --build-id --eh-frame-hdr -m elf_x86_64 -dynamic-linker /lib64/ld-linux-x86-64.so.2 -o a.out /usr/lib/gcc/x86_64-linux-gnu/10/../../../x86_64-linux-gnu/crt1.o /usr/lib/gcc/x86_64-linux-gnu/10/../../../x86_64-linux-gnu/crti.o /usr/lib/gcc/x86_64-linux-gnu/10/crtbegin.o -L/usr/lib/gcc/x86_64-linux-gnu/10 -L/usr/lib/gcc/x86_64-linux-gnu/10/../../../x86_64-linux-gnu -L/usr/lib/gcc/x86_64-linux-gnu/10/../../../../lib64 -L/lib/x86_64-linux-gnu -L/lib/../lib64 -L/usr/lib/x86_64-linux-gnu -L/usr/lib/../lib64 -L/usr/lib/x86_64-linux-gnu/../../lib64 -L/usr/lib/gcc/x86_64-linux-gnu/10/../../.. -L/usr/lib/llvm-11/bin/../lib -L/lib -L/usr/lib /usr/local/bin/../lib/afl/afl-compiler-rt.o --dynamic-list=/usr/local/bin/../lib/afl/dynamic_list.txt -lstdc++ -lm -lgcc_s -lgcc -lc -lgcc_s -lgcc /usr/lib/gcc/x86_64-linux-gnu/10/crtend.o /usr/lib/gcc/x86_64-linux-gnu/10/../../../x86_64-linux-gnu/crtn.o
/usr/bin/ld: /usr/lib/gcc/x86_64-linux-gnu/10/../../../x86_64-linux-gnu/crt1.o: in function `_start':
(.text+0x24): undefined reference to `main'
clang: error: linker command failed with exit code 1 (use -v to see invocation)
configure:2602: $? = 1
configure:2604: /usr/local/bin/afl-clang-fast++ -V </dev/null >&5
clang: error: unsupported option '-V -g'
configure:2607: $? = 1
configure:2610: checking whether we are using the GNU C++ compiler
configure:2634: /usr/local/bin/afl-clang-fast++ -c   conftest.cc >&5
configure:2640: $? = 0
configure:2644: test -z 
			 || test ! -s conftest.err
configure:2647: $? = 0
configure:2650: test -s conftest.o
configure:2653: $? = 0
configure:2666: result: yes
configure:2672: checking whether /usr/local/bin/afl-clang-fast++ accepts -g
configure:2693: /usr/local/bin/afl-clang-fast++ -c -g  conftest.cc >&5
configure:2699: $? = 0
configure:2703: test -z 
			 || test ! -s conftest.err
configure:2706: $? = 0
configure:2709: test -s conftest.o
configure:2712: $? = 0
configure:2723: result: yes
configure:2765: /usr/local/bin/afl-clang-fast++ -c -g -O2  conftest.cc >&5
configure:2771: $? = 0
configure:2775: test -z 
			 || test ! -s conftest.err
configure:2778: $? = 0
configure:2781: test -s conftest.o
configure:2784: $? = 0
configure:2810: /usr/local/bin/afl-clang-fast++ -c -g -O2  conftest.cc >&5
conftest.cc:14:1: error: use of undeclared identifier 'exit'
exit (42);
^
1 error generated.
configure:2816: $? = 1
configure: failed program was:
| /* confdefs.h.  */
| 
| #define PACKAGE_NAME ""
| #define PACKAGE_TARNAME ""
| #define PACKAGE_VERSION ""
| #define PACKAGE_STRING ""
| #define PACKAGE_BUGREPORT ""
| #define SYSTEM_XPDFRC "/home/epi/PycharmProjects/fuzzing-101-solutions/exercise-1/xpdf/install/etc/xpdfrc"
| /* end confdefs.h.  */
| 
| int
| main ()
| {
| exit (42);
|   ;
|   return 0;
| }
configure:2765: /usr/local/bin/afl-clang-fast++ -c -g -O2  conftest.cc >&5
conftest.cc:10:17: error: use of undeclared identifier 'std'
extern "C" void std::exit (int) throw (); using std::exit;
                ^
conftest.cc:10:49: error: use of undeclared identifier 'std'
extern "C" void std::exit (int) throw (); using std::exit;
                                                ^
2 errors generated.
configure:2771: $? = 1
configure: failed program was:
| /* confdefs.h.  */
| 
| #define PACKAGE_NAME ""
| #define PACKAGE_TARNAME ""
| #define PACKAGE_VERSION ""
| #define PACKAGE_STRING ""
| #define PACKAGE_BUGREPORT ""
| #define SYSTEM_XPDFRC "/home/epi/PycharmProjects/fuzzing-101-solutions/exercise-1/xpdf/install/etc/xpdfrc"
| /* end confdefs.h.  */
| extern "C" void std::exit (int) throw (); using std::exit;
| #include <stdlib.h>
| int
| main ()
| {
| exit (42);
|   ;
|   return 0;
| }
configure:2765: /usr/local/bin/afl-clang-fast++ -c -g -O2  conftest.cc >&5
conftest.cc:10:17: error: use of undeclared identifier 'std'
extern "C" void std::exit (int); using std::exit;
                ^
conftest.cc:10:40: error: use of undeclared identifier 'std'
extern "C" void std::exit (int); using std::exit;
                                       ^
2 errors generated.
configure:2771: $? = 1
configure: failed program was:
| /* confdefs.h.  */
| 
| #define PACKAGE_NAME ""
| #define PACKAGE_TARNAME ""
| #define PACKAGE_VERSION ""
| #define PACKAGE_STRING ""
| #define PACKAGE_BUGREPORT ""
| #define SYSTEM_XPDFRC "/home/epi/PycharmProjects/fuzzing-101-solutions/exercise-1/xpdf/install/etc/xpdfrc"
| /* end confdefs.h.  */
| extern "C" void std::exit (int); using std::exit;
| #include <stdlib.h>
| int
| main ()
| {
| exit (42);
|   ;
|   return 0;
| }
configure:2765: /usr/local/bin/afl-clang-fast++ -c -g -O2  conftest.cc >&5
configure:2771: $? = 0
configure:2775: test -z 
			 || test ! -s conftest.err
configure:2778: $? = 0
configure:2781: test -s conftest.o
configure:2784: $? = 0
configure:2810: /usr/local/bin/afl-clang-fast++ -c -g -O2  conftest.cc >&5
configure:2816: $? = 0
configure:2820: test -z 
			 || test ! -s conftest.err
configure:2823: $? = 0
configure:2826: test -s conftest.o
configure:2829: $? = 0
configure:2890: checking for a BSD-compatible install
configure:2945: result: /usr/bin/install -c
configure:2997: checking for ranlib
configure:3013: found /usr/bin/ranlib
configure:3024: result: ranlib
configure:3042: checking for OS/2 (with EMX)
configure:3063: /usr/local/bin/afl-clang-fast -c -g -O2  conftest.c >&5
conftest.c:17:1: error: use of undeclared identifier '__EMX__'
__EMX__
^
1 error generated.
configure:3069: $? = 1
configure: failed program was:
| /* confdefs.h.  */
| 
| #define PACKAGE_NAME ""
| #define PACKAGE_TARNAME ""
| #define PACKAGE_VERSION ""
| #define PACKAGE_STRING ""
| #define PACKAGE_BUGREPORT ""
| #define SYSTEM_XPDFRC "/home/epi/PycharmProjects/fuzzing-101-solutions/exercise-1/xpdf/install/etc/xpdfrc"
| #ifdef __cplusplus
| extern "C" void exit (int) throw ();
| #endif
| /* end confdefs.h.  */
| 
| int
| main ()
| {
| __EMX__
|   ;
|   return 0;
| }
configure:3093: result: no
configure:3101: checking for DOS (with DJGPP)
configure:3122: /usr/local/bin/afl-clang-fast -c -g -O2  conftest.c >&5
conftest.c:17:1: error: use of undeclared identifier '__DJGPP__'
__DJGPP__
^
1 error generated.
configure:3128: $? = 1
configure: failed program was:
| /* confdefs.h.  */
| 
| #define PACKAGE_NAME ""
| #define PACKAGE_TARNAME ""
| #define PACKAGE_VERSION ""
| #define PACKAGE_STRING ""
| #define PACKAGE_BUGREPORT ""
| #define SYSTEM_XPDFRC "/home/epi/PycharmProjects/fuzzing-101-solutions/exercise-1/xpdf/install/etc/xpdfrc"
| #ifdef __cplusplus
| extern "C" void exit (int) throw ();
| #endif
| /* end confdefs.h.  */
| 
| int
| main ()
| {
| __DJGPP__
|   ;
|   return 0;
| }
configure:3152: result: no
configure:3171: checking how to run the C preprocessor
configure:3206: /usr/local/bin/afl-clang-fast -E  conftest.c
configure:3212: $? = 0
configure:3244: /usr/local/bin/afl-clang-fast -E  conftest.c
conftest.c:13:10: fatal error: 'ac_nonexistent.h' file not found
#include <ac_nonexistent.h>
         ^~~~~~~~~~~~~~~~~~
1 error generated.
configure:3250: $? = 1
configure: failed program was:
| /* confdefs.h.  */
| 
| #define PACKAGE_NAME ""
| #define PACKAGE_TARNAME ""
| #define PACKAGE_VERSION ""
| #define PACKAGE_STRING ""
| #define PACKAGE_BUGREPORT ""
| #define SYSTEM_XPDFRC "/home/epi/PycharmProjects/fuzzing-101-solutions/exercise-1/xpdf/install/etc/xpdfrc"
| #ifdef __cplusplus
| extern "C" void exit (int) throw ();
| #endif
| /* end confdefs.h.  */
| #include <ac_nonexistent.h>
configure:3289: result: /usr/local/bin/afl-clang-fast -E
configure:3313: /usr/local/bin/afl-clang-fast -E  conftest.c
configure:3319: $? = 0
configure:3351: /usr/local/bin/afl-clang-fast -E  conftest.c
conftest.c:13:10: fatal error: 'ac_nonexistent.h' file not found
#include <ac_nonexistent.h>
         ^~~~~~~~~~~~~~~~~~
1 error generated.
configure:3357: $? = 1
configure: failed program was:
| /* confdefs.h.  */
| 
| #define PACKAGE_NAME ""
| #define PACKAGE_TARNAME ""
| #define PACKAGE_VERSION ""
| #define PACKAGE_STRING ""
| #define PACKAGE_BUGREPORT ""
| #define SYSTEM_XPDFRC "/home/epi/PycharmProjects/fuzzing-101-solutions/exercise-1/xpdf/install/etc/xpdfrc"
| #ifdef __cplusplus
| extern "C" void exit (int) throw ();
| #endif
| /* end confdefs.h.  */
| #include <ac_nonexistent.h>
configure:3401: checking for X
configure:3506: /usr/local/bin/afl-clang-fast -E  conftest.c
configure:3512: $? = 0
configure:3562: /usr/local/bin/afl-clang-fast -o conftest -g -O2   conftest.c -lXt  >&5
configure:3568: $? = 0
configure:3572: test -z 
			 || test ! -s conftest.err
configure:3575: $? = 0
configure:3578: test -s conftest
configure:3581: $? = 0
configure:3631: result: libraries , headers 
configure:3803: /usr/local/bin/afl-clang-fast -o conftest -g -O2   conftest.c   -lX11 >&5
configure:3809: $? = 0
configure:3813: test -z 
			 || test ! -s conftest.err
configure:3816: $? = 0
configure:3819: test -s conftest
configure:3822: $? = 0
configure:3980: checking for gethostbyname
configure:4037: /usr/local/bin/afl-clang-fast -o conftest -g -O2   conftest.c  >&5
configure:4043: $? = 0
configure:4047: test -z 
			 || test ! -s conftest.err
configure:4050: $? = 0
configure:4053: test -s conftest
configure:4056: $? = 0
configure:4068: result: yes
configure:4219: checking for connect
configure:4276: /usr/local/bin/afl-clang-fast -o conftest -g -O2   conftest.c  >&5
configure:4282: $? = 0
configure:4286: test -z 
			 || test ! -s conftest.err
configure:4289: $? = 0
configure:4292: test -s conftest
configure:4295: $? = 0
configure:4307: result: yes
configure:4382: checking for remove
configure:4439: /usr/local/bin/afl-clang-fast -o conftest -g -O2   conftest.c  >&5
configure:4445: $? = 0
configure:4449: test -z 
			 || test ! -s conftest.err
configure:4452: $? = 0
configure:4455: test -s conftest
configure:4458: $? = 0
configure:4470: result: yes
configure:4545: checking for shmat
configure:4602: /usr/local/bin/afl-clang-fast -o conftest -g -O2   conftest.c  >&5
configure:4608: $? = 0
configure:4612: test -z 
			 || test ! -s conftest.err
configure:4615: $? = 0
configure:4618: test -s conftest
configure:4621: $? = 0
configure:4633: result: yes
configure:4717: checking for IceConnectionNumber in -lICE
configure:4747: /usr/local/bin/afl-clang-fast -o conftest -g -O2   conftest.c -lICE   >&5
configure:4753: $? = 0
configure:4757: test -z 
			 || test ! -s conftest.err
configure:4760: $? = 0
configure:4763: test -s conftest
configure:4766: $? = 0
configure:4779: result: yes
configure:4797: checking for dirent.h that defines DIR
configure:4821: /usr/local/bin/afl-clang-fast -c -g -O2  conftest.c >&5
configure:4827: $? = 0
configure:4831: test -z 
			 || test ! -s conftest.err
configure:4834: $? = 0
configure:4837: test -s conftest.o
configure:4840: $? = 0
configure:4851: result: yes
configure:4864: checking for library containing opendir
configure:4894: /usr/local/bin/afl-clang-fast -o conftest -g -O2   conftest.c  >&5
configure:4900: $? = 0
configure:4904: test -z 
			 || test ! -s conftest.err
configure:4907: $? = 0
configure:4910: test -s conftest
configure:4913: $? = 0
configure:4983: result: none required
configure:5128: checking for gethostbyname
configure:5216: result: yes
configure:5290: checking select() and fd_set in sys/select.h and sys/bsdtypes.h
configure:5312: /usr/local/bin/afl-clang-fast++ -c -g -O2  conftest.cc >&5
configure:5318: $? = 0
configure:5322: test -z 
			 || test ! -s conftest.err
configure:5325: $? = 0
configure:5328: test -s conftest.o
configure:5331: $? = 0
configure:5342: result: not needed
configure:5467: checking FD_ZERO and strings.h or bstring.h
configure:5489: /usr/local/bin/afl-clang-fast++ -c -g -O2  conftest.cc >&5
configure:5495: $? = 0
configure:5499: test -z 
			 || test ! -s conftest.err
configure:5502: $? = 0
configure:5505: test -s conftest.o
configure:5508: $? = 0
configure:5519: result: not needed
configure:5648: checking for rewinddir
configure:5705: /usr/local/bin/afl-clang-fast++ -o conftest -g -O2   conftest.cc  >&5
configure:5711: $? = 0
configure:5715: test -z 
			 || test ! -s conftest.err
configure:5718: $? = 0
configure:5721: test -s conftest
configure:5724: $? = 0
configure:5736: result: yes
configure:5827: checking for popen
configure:5884: /usr/local/bin/afl-clang-fast++ -o conftest -g -O2   conftest.cc  >&5
configure:5890: $? = 0
configure:5894: test -z 
			 || test ! -s conftest.err
configure:5897: $? = 0
configure:5900: test -s conftest
configure:5903: $? = 0
configure:5915: result: yes
configure:5925: checking for mkstemp
configure:5947: /usr/local/bin/afl-clang-fast++ -o conftest -g -O2   conftest.cc  >&5
conftest.cc:21:9: warning: ISO C++11 does not allow conversion from string literal to 'char *' [-Wwritable-strings]
mkstemp("foo");
        ^
1 warning generated.
configure:5953: $? = 0
configure:5957: test -z 
			 || test ! -s conftest.err
configure:5960: $? = 0
configure:5963: test -s conftest
configure:5966: $? = 0
configure:5978: result: yes
configure:5986: checking for mkstemps
configure:6008: /usr/local/bin/afl-clang-fast++ -o conftest -g -O2   conftest.cc  >&5
conftest.cc:22:10: warning: ISO C++11 does not allow conversion from string literal to 'char *' [-Wwritable-strings]
mkstemps("foo", 0);
         ^
1 warning generated.
configure:6014: $? = 0
configure:6018: test -z 
			 || test ! -s conftest.err
configure:6021: $? = 0
configure:6024: test -s conftest
configure:6027: $? = 0
configure:6039: result: yes
configure:6048: checking whether select takes fd_set arguments
configure:6075: /usr/local/bin/afl-clang-fast++ -c -g -O2  conftest.cc >&5
configure:6081: $? = 0
configure:6085: test -z 
			 || test ! -s conftest.err
configure:6088: $? = 0
configure:6091: test -s conftest.o
configure:6094: $? = 0
configure:6105: result: yes
configure:6128: checking for special C compiler options needed for large files
configure:6227: result: no
configure:6233: checking for _FILE_OFFSET_BITS value needed for large files
configure:6264: /usr/local/bin/afl-clang-fast -c -g -O2  conftest.c >&5
configure:6270: $? = 0
configure:6274: test -z 
			 || test ! -s conftest.err
configure:6277: $? = 0
configure:6280: test -s conftest.o
configure:6283: $? = 0
configure:6348: result: no
configure:6358: checking for _LARGE_FILES value needed for large files
configure:6389: /usr/local/bin/afl-clang-fast -c -g -O2  conftest.c >&5
configure:6395: $? = 0
configure:6399: test -z 
			 || test ! -s conftest.err
configure:6402: $? = 0
configure:6405: test -s conftest.o
configure:6408: $? = 0
configure:6473: result: no
configure:6485: checking for _LARGEFILE_SOURCE value needed for large files
configure:6508: /usr/local/bin/afl-clang-fast -c -g -O2  conftest.c >&5
conftest.c:22:9: warning: address of function 'fseeko' will always evaluate to 'true' [-Wpointer-bool-conversion]
return !fseeko;
       ~^~~~~~
conftest.c:22:9: note: prefix with the address-of operator to silence this warning
return !fseeko;
        ^
        &
1 warning generated.
configure:6514: $? = 0
configure:6518: test -z 
			 || test ! -s conftest.err
configure:6521: $? = 0
configure:6524: test -s conftest.o
configure:6527: $? = 0
configure:6584: result: no
configure:6598: checking for fseeko
configure:6619: /usr/local/bin/afl-clang-fast -o conftest -g -O2   conftest.c  >&5
conftest.c:22:8: warning: address of function 'fseeko' will always evaluate to 'true' [-Wpointer-bool-conversion]
return fseeko && fseeko (stdin, 0, 0);
       ^~~~~~ ~~
conftest.c:22:8: note: prefix with the address-of operator to silence this warning
return fseeko && fseeko (stdin, 0, 0);
       ^
       &
1 warning generated.
configure:6625: $? = 0
configure:6629: test -z 
			 || test ! -s conftest.err
configure:6632: $? = 0
configure:6635: test -s conftest
configure:6638: $? = 0
configure:6650: result: yes
configure:6664: checking for fseek64
configure:6721: /usr/local/bin/afl-clang-fast -o conftest -g -O2   conftest.c  >&5
/usr/bin/ld: /tmp/conftest-175fe0.o: in function `main':
/home/epi/PycharmProjects/fuzzing-101-solutions/exercise-1/xpdf/conftest.c:59: undefined reference to `fseek64'
/usr/bin/ld: /tmp/conftest-175fe0.o:/home/epi/PycharmProjects/fuzzing-101-solutions/exercise-1/xpdf/conftest.c:50: undefined reference to `fseek64'
clang: error: linker command failed with exit code 1 (use -v to see invocation)
configure:6727: $? = 1
configure: failed program was:
| /* confdefs.h.  */
| 
| #define PACKAGE_NAME ""
| #define PACKAGE_TARNAME ""
| #define PACKAGE_VERSION ""
| #define PACKAGE_STRING ""
| #define PACKAGE_BUGREPORT ""
| #define SYSTEM_XPDFRC "/home/epi/PycharmProjects/fuzzing-101-solutions/exercise-1/xpdf/install/etc/xpdfrc"
| #ifdef __cplusplus
| extern "C" void exit (int) throw ();
| #endif
| #define HAVE_DIRENT_H 1
| #define HAVE_REWINDDIR 1
| #define HAVE_POPEN 1
| #define HAVE_MKSTEMP 1
| #define HAVE_MKSTEMPS 1
| #define HAVE_FSEEKO 1
| /* end confdefs.h.  */
| /* Define fseek64 to an innocuous variant, in case <limits.h> declares fseek64.
|    For example, HP-UX 11i <limits.h> declares gettimeofday.  */
| #define fseek64 innocuous_fseek64
| 
| /* System header to define __stub macros and hopefully few prototypes,
|     which can conflict with char fseek64 (); below.
|     Prefer <limits.h> to <assert.h> if __STDC__ is defined, since
|     <limits.h> exists even on freestanding compilers.  */
| 
| #ifdef __STDC__
| # include <limits.h>
| #else
| # include <assert.h>
| #endif
| 
| #undef fseek64
| 
| /* Override any gcc2 internal prototype to avoid an error.  */
| #ifdef __cplusplus
| extern "C"
| {
| #endif
| /* We use char because int might match the return type of a gcc2
|    builtin and then its argument prototype would still apply.  */
| char fseek64 ();
| /* The GNU C library defines this for functions which it implements
|     to always fail with ENOSYS.  Some functions are actually named
|     something starting with __ and the normal name is an alias.  */
| #if defined (__stub_fseek64) || defined (__stub___fseek64)
| choke me
| #else
| char (*f) () = fseek64;
| #endif
| #ifdef __cplusplus
| }
| #endif
| 
| int
| main ()
| {
| return f != fseek64;
|   ;
|   return 0;
| }
configure:6752: result: no
configure:6768: checking for ftell64
configure:6825: /usr/local/bin/afl-clang-fast -o conftest -g -O2   conftest.c  >&5
/usr/bin/ld: /tmp/conftest-f86a27.o: in function `main':
/home/epi/PycharmProjects/fuzzing-101-solutions/exercise-1/xpdf/conftest.c:59: undefined reference to `ftell64'
/usr/bin/ld: /tmp/conftest-f86a27.o:/home/epi/PycharmProjects/fuzzing-101-solutions/exercise-1/xpdf/conftest.c:50: undefined reference to `ftell64'
clang: error: linker command failed with exit code 1 (use -v to see invocation)
configure:6831: $? = 1
configure: failed program was:
| /* confdefs.h.  */
| 
| #define PACKAGE_NAME ""
| #define PACKAGE_TARNAME ""
| #define PACKAGE_VERSION ""
| #define PACKAGE_STRING ""
| #define PACKAGE_BUGREPORT ""
| #define SYSTEM_XPDFRC "/home/epi/PycharmProjects/fuzzing-101-solutions/exercise-1/xpdf/install/etc/xpdfrc"
| #ifdef __cplusplus
| extern "C" void exit (int) throw ();
| #endif
| #define HAVE_DIRENT_H 1
| #define HAVE_REWINDDIR 1
| #define HAVE_POPEN 1
| #define HAVE_MKSTEMP 1
| #define HAVE_MKSTEMPS 1
| #define HAVE_FSEEKO 1
| /* end confdefs.h.  */
| /* Define ftell64 to an innocuous variant, in case <limits.h> declares ftell64.
|    For example, HP-UX 11i <limits.h> declares gettimeofday.  */
| #define ftell64 innocuous_ftell64
| 
| /* System header to define __stub macros and hopefully few prototypes,
|     which can conflict with char ftell64 (); below.
|     Prefer <limits.h> to <assert.h> if __STDC__ is defined, since
|     <limits.h> exists even on freestanding compilers.  */
| 
| #ifdef __STDC__
| # include <limits.h>
| #else
| # include <assert.h>
| #endif
| 
| #undef ftell64
| 
| /* Override any gcc2 internal prototype to avoid an error.  */
| #ifdef __cplusplus
| extern "C"
| {
| #endif
| /* We use char because int might match the return type of a gcc2
|    builtin and then its argument prototype would still apply.  */
| char ftell64 ();
| /* The GNU C library defines this for functions which it implements
|     to always fail with ENOSYS.  Some functions are actually named
|     something starting with __ and the normal name is an alias.  */
| #if defined (__stub_ftell64) || defined (__stub___ftell64)
| choke me
| #else
| char (*f) () = ftell64;
| #endif
| #ifdef __cplusplus
| }
| #endif
| 
| int
| main ()
| {
| return f != ftell64;
|   ;
|   return 0;
| }
configure:6856: result: no
configure:6876: checking for egrep
configure:6886: result: grep -E
configure:6891: checking for ANSI C header files
configure:6916: /usr/local/bin/afl-clang-fast -c -g -O2  conftest.c >&5
configure:6922: $? = 0
configure:6926: test -z 
			 || test ! -s conftest.err
configure:6929: $? = 0
configure:6932: test -s conftest.o
configure:6935: $? = 0
configure:7024: /usr/local/bin/afl-clang-fast -o conftest -g -O2   conftest.c  >&5
conftest.c:36:7: warning: implicitly declaring library function 'exit' with type 'void (int) __attribute__((noreturn))' [-Wimplicit-function-declaration]
      exit(2);
      ^
conftest.c:36:7: note: include the header <stdlib.h> or explicitly provide a declaration for 'exit'
1 warning generated.
configure:7027: $? = 0
configure:7029: ./conftest
configure:7032: $? = 0
configure:7047: result: yes
configure:7071: checking for sys/types.h
configure:7087: /usr/local/bin/afl-clang-fast -c -g -O2  conftest.c >&5
configure:7093: $? = 0
configure:7097: test -z 
			 || test ! -s conftest.err
configure:7100: $? = 0
configure:7103: test -s conftest.o
configure:7106: $? = 0
configure:7117: result: yes
configure:7071: checking for sys/stat.h
configure:7087: /usr/local/bin/afl-clang-fast -c -g -O2  conftest.c >&5
configure:7093: $? = 0
configure:7097: test -z 
			 || test ! -s conftest.err
configure:7100: $? = 0
configure:7103: test -s conftest.o
configure:7106: $? = 0
configure:7117: result: yes
configure:7071: checking for stdlib.h
configure:7087: /usr/local/bin/afl-clang-fast -c -g -O2  conftest.c >&5
configure:7093: $? = 0
configure:7097: test -z 
			 || test ! -s conftest.err
configure:7100: $? = 0
configure:7103: test -s conftest.o
configure:7106: $? = 0
configure:7117: result: yes
configure:7071: checking for string.h
configure:7087: /usr/local/bin/afl-clang-fast -c -g -O2  conftest.c >&5
configure:7093: $? = 0
configure:7097: test -z 
			 || test ! -s conftest.err
configure:7100: $? = 0
configure:7103: test -s conftest.o
configure:7106: $? = 0
configure:7117: result: yes
configure:7071: checking for memory.h
configure:7087: /usr/local/bin/afl-clang-fast -c -g -O2  conftest.c >&5
configure:7093: $? = 0
configure:7097: test -z 
			 || test ! -s conftest.err
configure:7100: $? = 0
configure:7103: test -s conftest.o
configure:7106: $? = 0
configure:7117: result: yes
configure:7071: checking for strings.h
configure:7087: /usr/local/bin/afl-clang-fast -c -g -O2  conftest.c >&5
configure:7093: $? = 0
configure:7097: test -z 
			 || test ! -s conftest.err
configure:7100: $? = 0
configure:7103: test -s conftest.o
configure:7106: $? = 0
configure:7117: result: yes
configure:7071: checking for inttypes.h
configure:7087: /usr/local/bin/afl-clang-fast -c -g -O2  conftest.c >&5
configure:7093: $? = 0
configure:7097: test -z 
			 || test ! -s conftest.err
configure:7100: $? = 0
configure:7103: test -s conftest.o
configure:7106: $? = 0
configure:7117: result: yes
configure:7071: checking for stdint.h
configure:7087: /usr/local/bin/afl-clang-fast -c -g -O2  conftest.c >&5
configure:7093: $? = 0
configure:7097: test -z 
			 || test ! -s conftest.err
configure:7100: $? = 0
configure:7103: test -s conftest.o
configure:7106: $? = 0
configure:7117: result: yes
configure:7071: checking for unistd.h
configure:7087: /usr/local/bin/afl-clang-fast -c -g -O2  conftest.c >&5
configure:7093: $? = 0
configure:7097: test -z 
			 || test ! -s conftest.err
configure:7100: $? = 0
configure:7103: test -s conftest.o
configure:7106: $? = 0
configure:7117: result: yes
configure:7153: checking whether to use Xpm library
configure:7160: result: maybe
configure:7211: checking where to find the Xpm header files
configure:7218: result: 
configure:7251: checking X11/xpm.h usability
configure:7263: /usr/local/bin/afl-clang-fast -c -g -O2    conftest.c >&5
configure:7269: $? = 0
configure:7273: test -z 
			 || test ! -s conftest.err
configure:7276: $? = 0
configure:7279: test -s conftest.o
configure:7282: $? = 0
configure:7292: result: yes
configure:7296: checking X11/xpm.h presence
configure:7306: /usr/local/bin/afl-clang-fast -E    conftest.c
configure:7312: $? = 0
configure:7332: result: yes
configure:7367: checking for X11/xpm.h
configure:7374: result: yes
configure:7406: checking for XpmCreatePixmapFromData in -lXpm
configure:7436: /usr/local/bin/afl-clang-fast -o conftest -g -O2   conftest.c -lXpm   -lXpm   -lSM -lICE  -lX11  >&5
configure:7442: $? = 0
configure:7446: test -z 
			 || test ! -s conftest.err
configure:7449: $? = 0
configure:7452: test -s conftest
configure:7455: $? = 0
configure:7468: result: yes
configure:7479: result: using Xpm library
configure:7534: checking whether to use Xext library
configure:7541: result: maybe
configure:7592: checking where to find the Xext header files
configure:7599: result: 
configure:7632: checking X11/Xlib.h usability
configure:7644: /usr/local/bin/afl-clang-fast -c -g -O2    conftest.c >&5
configure:7650: $? = 0
configure:7654: test -z 
			 || test ! -s conftest.err
configure:7657: $? = 0
configure:7660: test -s conftest.o
configure:7663: $? = 0
configure:7673: result: yes
configure:7677: checking X11/Xlib.h presence
configure:7687: /usr/local/bin/afl-clang-fast -E    conftest.c
configure:7693: $? = 0
configure:7713: result: yes
configure:7748: checking for X11/Xlib.h
configure:7755: result: yes
configure:7787: checking for XextAddDisplay in -lXext
configure:7817: /usr/local/bin/afl-clang-fast -o conftest -g -O2   conftest.c -lXext   -lXext   -lSM -lICE  -lX11  >&5
configure:7823: $? = 0
configure:7827: test -z 
			 || test ! -s conftest.err
configure:7830: $? = 0
configure:7833: test -s conftest
configure:7836: $? = 0
configure:7849: result: yes
configure:7860: result: using Xext library
configure:7912: checking whether to use Xp library
configure:7919: result: maybe
configure:7970: checking where to find the Xp header files
configure:7977: result: 
configure:8010: checking X11/extensions/Print.h usability
configure:8022: /usr/local/bin/afl-clang-fast -c -g -O2    conftest.c >&5
conftest.c:65:10: fatal error: 'X11/extensions/Print.h' file not found
#include <X11/extensions/Print.h>
         ^~~~~~~~~~~~~~~~~~~~~~~~
1 error generated.
configure:8028: $? = 1
configure: failed program was:
| /* confdefs.h.  */
| 
| #define PACKAGE_NAME ""
| #define PACKAGE_TARNAME ""
| #define PACKAGE_VERSION ""
| #define PACKAGE_STRING ""
| #define PACKAGE_BUGREPORT ""
| #define SYSTEM_XPDFRC "/home/epi/PycharmProjects/fuzzing-101-solutions/exercise-1/xpdf/install/etc/xpdfrc"
| #ifdef __cplusplus
| extern "C" void exit (int) throw ();
| #endif
| #define HAVE_DIRENT_H 1
| #define HAVE_REWINDDIR 1
| #define HAVE_POPEN 1
| #define HAVE_MKSTEMP 1
| #define HAVE_MKSTEMPS 1
| #define HAVE_FSEEKO 1
| #define STDC_HEADERS 1
| #define HAVE_SYS_TYPES_H 1
| #define HAVE_SYS_STAT_H 1
| #define HAVE_STDLIB_H 1
| #define HAVE_STRING_H 1
| #define HAVE_MEMORY_H 1
| #define HAVE_STRINGS_H 1
| #define HAVE_INTTYPES_H 1
| #define HAVE_STDINT_H 1
| #define HAVE_UNISTD_H 1
| #define HAVE_X11_XPM_H 1
| #define HAVE_X11_XLIB_H 1
| /* end confdefs.h.  */
| #include <stdio.h>
| #if HAVE_SYS_TYPES_H
| # include <sys/types.h>
| #endif
| #if HAVE_SYS_STAT_H
| # include <sys/stat.h>
| #endif
| #if STDC_HEADERS
| # include <stdlib.h>
| # include <stddef.h>
| #else
| # if HAVE_STDLIB_H
| #  include <stdlib.h>
| # endif
| #endif
| #if HAVE_STRING_H
| # if !STDC_HEADERS && HAVE_MEMORY_H
| #  include <memory.h>
| # endif
| # include <string.h>
| #endif
| #if HAVE_STRINGS_H
| # include <strings.h>
| #endif
| #if HAVE_INTTYPES_H
| # include <inttypes.h>
| #else
| # if HAVE_STDINT_H
| #  include <stdint.h>
| # endif
| #endif
| #if HAVE_UNISTD_H
| # include <unistd.h>
| #endif
| #include <X11/extensions/Print.h>
configure:8051: result: no
configure:8055: checking X11/extensions/Print.h presence
configure:8065: /usr/local/bin/afl-clang-fast -E    conftest.c
conftest.c:31:10: fatal error: 'X11/extensions/Print.h' file not found
#include <X11/extensions/Print.h>
         ^~~~~~~~~~~~~~~~~~~~~~~~
1 error generated.
configure:8071: $? = 1
configure: failed program was:
| /* confdefs.h.  */
| 
| #define PACKAGE_NAME ""
| #define PACKAGE_TARNAME ""
| #define PACKAGE_VERSION ""
| #define PACKAGE_STRING ""
| #define PACKAGE_BUGREPORT ""
| #define SYSTEM_XPDFRC "/home/epi/PycharmProjects/fuzzing-101-solutions/exercise-1/xpdf/install/etc/xpdfrc"
| #ifdef __cplusplus
| extern "C" void exit (int) throw ();
| #endif
| #define HAVE_DIRENT_H 1
| #define HAVE_REWINDDIR 1
| #define HAVE_POPEN 1
| #define HAVE_MKSTEMP 1
| #define HAVE_MKSTEMPS 1
| #define HAVE_FSEEKO 1
| #define STDC_HEADERS 1
| #define HAVE_SYS_TYPES_H 1
| #define HAVE_SYS_STAT_H 1
| #define HAVE_STDLIB_H 1
| #define HAVE_STRING_H 1
| #define HAVE_MEMORY_H 1
| #define HAVE_STRINGS_H 1
| #define HAVE_INTTYPES_H 1
| #define HAVE_STDINT_H 1
| #define HAVE_UNISTD_H 1
| #define HAVE_X11_XPM_H 1
| #define HAVE_X11_XLIB_H 1
| /* end confdefs.h.  */
| #include <X11/extensions/Print.h>
configure:8091: result: no
configure:8126: checking for X11/extensions/Print.h
configure:8133: result: no
configure:8245: result: not using Xp library
configure:8290: checking whether to use Xt library
configure:8297: result: maybe
configure:8348: checking where to find the Xt header files
configure:8355: result: 
configure:8388: checking X11/Intrinsic.h usability
configure:8400: /usr/local/bin/afl-clang-fast -c -g -O2    conftest.c >&5
configure:8406: $? = 0
configure:8410: test -z 
			 || test ! -s conftest.err
configure:8413: $? = 0
configure:8416: test -s conftest.o
configure:8419: $? = 0
configure:8429: result: yes
configure:8433: checking X11/Intrinsic.h presence
configure:8443: /usr/local/bin/afl-clang-fast -E    conftest.c
configure:8449: $? = 0
configure:8469: result: yes
configure:8504: checking for X11/Intrinsic.h
configure:8511: result: yes
configure:8543: checking for XtAppInitialize in -lXt
configure:8573: /usr/local/bin/afl-clang-fast -o conftest -g -O2   conftest.c -lXt   -lXt   -lSM -lICE  -lX11  >&5
configure:8579: $? = 0
configure:8583: test -z 
			 || test ! -s conftest.err
configure:8586: $? = 0
configure:8589: test -s conftest
configure:8592: $? = 0
configure:8605: result: yes
configure:8616: result: using Xt library
configure:8668: checking whether to use Xm library
configure:8675: result: maybe
configure:8726: checking where to find the Xm header files
configure:8733: result: 
configure:8766: checking Xm/XmAll.h usability
configure:8778: /usr/local/bin/afl-clang-fast -c -g -O2    conftest.c >&5
conftest.c:66:10: fatal error: 'Xm/XmAll.h' file not found
#include <Xm/XmAll.h>
         ^~~~~~~~~~~~
1 error generated.
configure:8784: $? = 1
configure: failed program was:
| /* confdefs.h.  */
| 
| #define PACKAGE_NAME ""
| #define PACKAGE_TARNAME ""
| #define PACKAGE_VERSION ""
| #define PACKAGE_STRING ""
| #define PACKAGE_BUGREPORT ""
| #define SYSTEM_XPDFRC "/home/epi/PycharmProjects/fuzzing-101-solutions/exercise-1/xpdf/install/etc/xpdfrc"
| #ifdef __cplusplus
| extern "C" void exit (int) throw ();
| #endif
| #define HAVE_DIRENT_H 1
| #define HAVE_REWINDDIR 1
| #define HAVE_POPEN 1
| #define HAVE_MKSTEMP 1
| #define HAVE_MKSTEMPS 1
| #define HAVE_FSEEKO 1
| #define STDC_HEADERS 1
| #define HAVE_SYS_TYPES_H 1
| #define HAVE_SYS_STAT_H 1
| #define HAVE_STDLIB_H 1
| #define HAVE_STRING_H 1
| #define HAVE_MEMORY_H 1
| #define HAVE_STRINGS_H 1
| #define HAVE_INTTYPES_H 1
| #define HAVE_STDINT_H 1
| #define HAVE_UNISTD_H 1
| #define HAVE_X11_XPM_H 1
| #define HAVE_X11_XLIB_H 1
| #define HAVE_X11_INTRINSIC_H 1
| /* end confdefs.h.  */
| #include <stdio.h>
| #if HAVE_SYS_TYPES_H
| # include <sys/types.h>
| #endif
| #if HAVE_SYS_STAT_H
| # include <sys/stat.h>
| #endif
| #if STDC_HEADERS
| # include <stdlib.h>
| # include <stddef.h>
| #else
| # if HAVE_STDLIB_H
| #  include <stdlib.h>
| # endif
| #endif
| #if HAVE_STRING_H
| # if !STDC_HEADERS && HAVE_MEMORY_H
| #  include <memory.h>
| # endif
| # include <string.h>
| #endif
| #if HAVE_STRINGS_H
| # include <strings.h>
| #endif
| #if HAVE_INTTYPES_H
| # include <inttypes.h>
| #else
| # if HAVE_STDINT_H
| #  include <stdint.h>
| # endif
| #endif
| #if HAVE_UNISTD_H
| # include <unistd.h>
| #endif
| #include <Xm/XmAll.h>
configure:8807: result: no
configure:8811: checking Xm/XmAll.h presence
configure:8821: /usr/local/bin/afl-clang-fast -E    conftest.c
conftest.c:32:10: fatal error: 'Xm/XmAll.h' file not found
#include <Xm/XmAll.h>
         ^~~~~~~~~~~~
1 error generated.
configure:8827: $? = 1
configure: failed program was:
| /* confdefs.h.  */
| 
| #define PACKAGE_NAME ""
| #define PACKAGE_TARNAME ""
| #define PACKAGE_VERSION ""
| #define PACKAGE_STRING ""
| #define PACKAGE_BUGREPORT ""
| #define SYSTEM_XPDFRC "/home/epi/PycharmProjects/fuzzing-101-solutions/exercise-1/xpdf/install/etc/xpdfrc"
| #ifdef __cplusplus
| extern "C" void exit (int) throw ();
| #endif
| #define HAVE_DIRENT_H 1
| #define HAVE_REWINDDIR 1
| #define HAVE_POPEN 1
| #define HAVE_MKSTEMP 1
| #define HAVE_MKSTEMPS 1
| #define HAVE_FSEEKO 1
| #define STDC_HEADERS 1
| #define HAVE_SYS_TYPES_H 1
| #define HAVE_SYS_STAT_H 1
| #define HAVE_STDLIB_H 1
| #define HAVE_STRING_H 1
| #define HAVE_MEMORY_H 1
| #define HAVE_STRINGS_H 1
| #define HAVE_INTTYPES_H 1
| #define HAVE_STDINT_H 1
| #define HAVE_UNISTD_H 1
| #define HAVE_X11_XPM_H 1
| #define HAVE_X11_XLIB_H 1
| #define HAVE_X11_INTRINSIC_H 1
| /* end confdefs.h.  */
| #include <Xm/XmAll.h>
configure:8847: result: no
configure:8882: checking for Xm/XmAll.h
configure:8889: result: no
configure:9001: result: not using Xm library
configure:9046: checking whether to use Sgm library
configure:9053: result: maybe
configure:9104: checking where to find the Sgm header files
configure:9111: result: 
configure:9144: checking Sgm/HPanedW.h usability
configure:9156: /usr/local/bin/afl-clang-fast -c -g -O2    conftest.c >&5
conftest.c:66:10: fatal error: 'Sgm/HPanedW.h' file not found
#include <Sgm/HPanedW.h>
         ^~~~~~~~~~~~~~~
1 error generated.
configure:9162: $? = 1
configure: failed program was:
| /* confdefs.h.  */
| 
| #define PACKAGE_NAME ""
| #define PACKAGE_TARNAME ""
| #define PACKAGE_VERSION ""
| #define PACKAGE_STRING ""
| #define PACKAGE_BUGREPORT ""
| #define SYSTEM_XPDFRC "/home/epi/PycharmProjects/fuzzing-101-solutions/exercise-1/xpdf/install/etc/xpdfrc"
| #ifdef __cplusplus
| extern "C" void exit (int) throw ();
| #endif
| #define HAVE_DIRENT_H 1
| #define HAVE_REWINDDIR 1
| #define HAVE_POPEN 1
| #define HAVE_MKSTEMP 1
| #define HAVE_MKSTEMPS 1
| #define HAVE_FSEEKO 1
| #define STDC_HEADERS 1
| #define HAVE_SYS_TYPES_H 1
| #define HAVE_SYS_STAT_H 1
| #define HAVE_STDLIB_H 1
| #define HAVE_STRING_H 1
| #define HAVE_MEMORY_H 1
| #define HAVE_STRINGS_H 1
| #define HAVE_INTTYPES_H 1
| #define HAVE_STDINT_H 1
| #define HAVE_UNISTD_H 1
| #define HAVE_X11_XPM_H 1
| #define HAVE_X11_XLIB_H 1
| #define HAVE_X11_INTRINSIC_H 1
| /* end confdefs.h.  */
| #include <stdio.h>
| #if HAVE_SYS_TYPES_H
| # include <sys/types.h>
| #endif
| #if HAVE_SYS_STAT_H
| # include <sys/stat.h>
| #endif
| #if STDC_HEADERS
| # include <stdlib.h>
| # include <stddef.h>
| #else
| # if HAVE_STDLIB_H
| #  include <stdlib.h>
| # endif
| #endif
| #if HAVE_STRING_H
| # if !STDC_HEADERS && HAVE_MEMORY_H
| #  include <memory.h>
| # endif
| # include <string.h>
| #endif
| #if HAVE_STRINGS_H
| # include <strings.h>
| #endif
| #if HAVE_INTTYPES_H
| # include <inttypes.h>
| #else
| # if HAVE_STDINT_H
| #  include <stdint.h>
| # endif
| #endif
| #if HAVE_UNISTD_H
| # include <unistd.h>
| #endif
| #include <Sgm/HPanedW.h>
configure:9185: result: no
configure:9189: checking Sgm/HPanedW.h presence
configure:9199: /usr/local/bin/afl-clang-fast -E    conftest.c
conftest.c:32:10: fatal error: 'Sgm/HPanedW.h' file not found
#include <Sgm/HPanedW.h>
         ^~~~~~~~~~~~~~~
1 error generated.
configure:9205: $? = 1
configure: failed program was:
| /* confdefs.h.  */
| 
| #define PACKAGE_NAME ""
| #define PACKAGE_TARNAME ""
| #define PACKAGE_VERSION ""
| #define PACKAGE_STRING ""
| #define PACKAGE_BUGREPORT ""
| #define SYSTEM_XPDFRC "/home/epi/PycharmProjects/fuzzing-101-solutions/exercise-1/xpdf/install/etc/xpdfrc"
| #ifdef __cplusplus
| extern "C" void exit (int) throw ();
| #endif
| #define HAVE_DIRENT_H 1
| #define HAVE_REWINDDIR 1
| #define HAVE_POPEN 1
| #define HAVE_MKSTEMP 1
| #define HAVE_MKSTEMPS 1
| #define HAVE_FSEEKO 1
| #define STDC_HEADERS 1
| #define HAVE_SYS_TYPES_H 1
| #define HAVE_SYS_STAT_H 1
| #define HAVE_STDLIB_H 1
| #define HAVE_STRING_H 1
| #define HAVE_MEMORY_H 1
| #define HAVE_STRINGS_H 1
| #define HAVE_INTTYPES_H 1
| #define HAVE_STDINT_H 1
| #define HAVE_UNISTD_H 1
| #define HAVE_X11_XPM_H 1
| #define HAVE_X11_XLIB_H 1
| #define HAVE_X11_INTRINSIC_H 1
| /* end confdefs.h.  */
| #include <Sgm/HPanedW.h>
configure:9225: result: no
configure:9260: checking for Sgm/HPanedW.h
configure:9267: result: no
configure:9379: result: not using Sgm library
configure:9402: checking for XtAppSetExitFlag in -lXt
configure:9432: /usr/local/bin/afl-clang-fast -o conftest -g -O2   conftest.c -lXt -lXt   -lSM -lICE  -lXext  -lX11  >&5
configure:9438: $? = 0
configure:9442: test -z 
			 || test ! -s conftest.err
configure:9445: $? = 0
configure:9448: test -s conftest
configure:9451: $? = 0
configure:9464: result: yes
configure:9500: checking whether to use t1 library
configure:9507: result: maybe
configure:9558: checking where to find the t1 header files
configure:9565: result: 
configure:9598: checking t1lib.h usability
configure:9610: /usr/local/bin/afl-clang-fast -c -g -O2    conftest.c >&5
conftest.c:67:10: fatal error: 't1lib.h' file not found
#include <t1lib.h>
         ^~~~~~~~~
1 error generated.
configure:9616: $? = 1
configure: failed program was:
| /* confdefs.h.  */
| 
| #define PACKAGE_NAME ""
| #define PACKAGE_TARNAME ""
| #define PACKAGE_VERSION ""
| #define PACKAGE_STRING ""
| #define PACKAGE_BUGREPORT ""
| #define SYSTEM_XPDFRC "/home/epi/PycharmProjects/fuzzing-101-solutions/exercise-1/xpdf/install/etc/xpdfrc"
| #ifdef __cplusplus
| extern "C" void exit (int) throw ();
| #endif
| #define HAVE_DIRENT_H 1
| #define HAVE_REWINDDIR 1
| #define HAVE_POPEN 1
| #define HAVE_MKSTEMP 1
| #define HAVE_MKSTEMPS 1
| #define HAVE_FSEEKO 1
| #define STDC_HEADERS 1
| #define HAVE_SYS_TYPES_H 1
| #define HAVE_SYS_STAT_H 1
| #define HAVE_STDLIB_H 1
| #define HAVE_STRING_H 1
| #define HAVE_MEMORY_H 1
| #define HAVE_STRINGS_H 1
| #define HAVE_INTTYPES_H 1
| #define HAVE_STDINT_H 1
| #define HAVE_UNISTD_H 1
| #define HAVE_X11_XPM_H 1
| #define HAVE_X11_XLIB_H 1
| #define HAVE_X11_INTRINSIC_H 1
| #define HAVE_XTAPPSETEXITFLAG 1
| /* end confdefs.h.  */
| #include <stdio.h>
| #if HAVE_SYS_TYPES_H
| # include <sys/types.h>
| #endif
| #if HAVE_SYS_STAT_H
| # include <sys/stat.h>
| #endif
| #if STDC_HEADERS
| # include <stdlib.h>
| # include <stddef.h>
| #else
| # if HAVE_STDLIB_H
| #  include <stdlib.h>
| # endif
| #endif
| #if HAVE_STRING_H
| # if !STDC_HEADERS && HAVE_MEMORY_H
| #  include <memory.h>
| # endif
| # include <string.h>
| #endif
| #if HAVE_STRINGS_H
| # include <strings.h>
| #endif
| #if HAVE_INTTYPES_H
| # include <inttypes.h>
| #else
| # if HAVE_STDINT_H
| #  include <stdint.h>
| # endif
| #endif
| #if HAVE_UNISTD_H
| # include <unistd.h>
| #endif
| #include <t1lib.h>
configure:9639: result: no
configure:9643: checking t1lib.h presence
configure:9653: /usr/local/bin/afl-clang-fast -E    conftest.c
conftest.c:33:10: fatal error: 't1lib.h' file not found
#include <t1lib.h>
         ^~~~~~~~~
1 error generated.
configure:9659: $? = 1
configure: failed program was:
| /* confdefs.h.  */
| 
| #define PACKAGE_NAME ""
| #define PACKAGE_TARNAME ""
| #define PACKAGE_VERSION ""
| #define PACKAGE_STRING ""
| #define PACKAGE_BUGREPORT ""
| #define SYSTEM_XPDFRC "/home/epi/PycharmProjects/fuzzing-101-solutions/exercise-1/xpdf/install/etc/xpdfrc"
| #ifdef __cplusplus
| extern "C" void exit (int) throw ();
| #endif
| #define HAVE_DIRENT_H 1
| #define HAVE_REWINDDIR 1
| #define HAVE_POPEN 1
| #define HAVE_MKSTEMP 1
| #define HAVE_MKSTEMPS 1
| #define HAVE_FSEEKO 1
| #define STDC_HEADERS 1
| #define HAVE_SYS_TYPES_H 1
| #define HAVE_SYS_STAT_H 1
| #define HAVE_STDLIB_H 1
| #define HAVE_STRING_H 1
| #define HAVE_MEMORY_H 1
| #define HAVE_STRINGS_H 1
| #define HAVE_INTTYPES_H 1
| #define HAVE_STDINT_H 1
| #define HAVE_UNISTD_H 1
| #define HAVE_X11_XPM_H 1
| #define HAVE_X11_XLIB_H 1
| #define HAVE_X11_INTRINSIC_H 1
| #define HAVE_XTAPPSETEXITFLAG 1
| /* end confdefs.h.  */
| #include <t1lib.h>
configure:9679: result: no
configure:9714: checking for t1lib.h
configure:9721: result: no
configure:9833: result: not using t1 library
configure:9879: checking whether to use freetype2 library
configure:9886: result: maybe
configure:9937: checking where to find the freetype2 header files
configure:9944: result: 
configure:9977: checking ft2build.h usability
configure:9989: /usr/local/bin/afl-clang-fast -c -g -O2    conftest.c >&5
conftest.c:67:10: fatal error: 'ft2build.h' file not found
#include <ft2build.h>
         ^~~~~~~~~~~~
1 error generated.
configure:9995: $? = 1
configure: failed program was:
| /* confdefs.h.  */
| 
| #define PACKAGE_NAME ""
| #define PACKAGE_TARNAME ""
| #define PACKAGE_VERSION ""
| #define PACKAGE_STRING ""
| #define PACKAGE_BUGREPORT ""
| #define SYSTEM_XPDFRC "/home/epi/PycharmProjects/fuzzing-101-solutions/exercise-1/xpdf/install/etc/xpdfrc"
| #ifdef __cplusplus
| extern "C" void exit (int) throw ();
| #endif
| #define HAVE_DIRENT_H 1
| #define HAVE_REWINDDIR 1
| #define HAVE_POPEN 1
| #define HAVE_MKSTEMP 1
| #define HAVE_MKSTEMPS 1
| #define HAVE_FSEEKO 1
| #define STDC_HEADERS 1
| #define HAVE_SYS_TYPES_H 1
| #define HAVE_SYS_STAT_H 1
| #define HAVE_STDLIB_H 1
| #define HAVE_STRING_H 1
| #define HAVE_MEMORY_H 1
| #define HAVE_STRINGS_H 1
| #define HAVE_INTTYPES_H 1
| #define HAVE_STDINT_H 1
| #define HAVE_UNISTD_H 1
| #define HAVE_X11_XPM_H 1
| #define HAVE_X11_XLIB_H 1
| #define HAVE_X11_INTRINSIC_H 1
| #define HAVE_XTAPPSETEXITFLAG 1
| /* end confdefs.h.  */
| #include <stdio.h>
| #if HAVE_SYS_TYPES_H
| # include <sys/types.h>
| #endif
| #if HAVE_SYS_STAT_H
| # include <sys/stat.h>
| #endif
| #if STDC_HEADERS
| # include <stdlib.h>
| # include <stddef.h>
| #else
| # if HAVE_STDLIB_H
| #  include <stdlib.h>
| # endif
| #endif
| #if HAVE_STRING_H
| # if !STDC_HEADERS && HAVE_MEMORY_H
| #  include <memory.h>
| # endif
| # include <string.h>
| #endif
| #if HAVE_STRINGS_H
| # include <strings.h>
| #endif
| #if HAVE_INTTYPES_H
| # include <inttypes.h>
| #else
| # if HAVE_STDINT_H
| #  include <stdint.h>
| # endif
| #endif
| #if HAVE_UNISTD_H
| # include <unistd.h>
| #endif
| #include <ft2build.h>
configure:10018: result: no
configure:10022: checking ft2build.h presence
configure:10032: /usr/local/bin/afl-clang-fast -E    conftest.c
conftest.c:33:10: fatal error: 'ft2build.h' file not found
#include <ft2build.h>
         ^~~~~~~~~~~~
1 error generated.
configure:10038: $? = 1
configure: failed program was:
| /* confdefs.h.  */
| 
| #define PACKAGE_NAME ""
| #define PACKAGE_TARNAME ""
| #define PACKAGE_VERSION ""
| #define PACKAGE_STRING ""
| #define PACKAGE_BUGREPORT ""
| #define SYSTEM_XPDFRC "/home/epi/PycharmProjects/fuzzing-101-solutions/exercise-1/xpdf/install/etc/xpdfrc"
| #ifdef __cplusplus
| extern "C" void exit (int) throw ();
| #endif
| #define HAVE_DIRENT_H 1
| #define HAVE_REWINDDIR 1
| #define HAVE_POPEN 1
| #define HAVE_MKSTEMP 1
| #define HAVE_MKSTEMPS 1
| #define HAVE_FSEEKO 1
| #define STDC_HEADERS 1
| #define HAVE_SYS_TYPES_H 1
| #define HAVE_SYS_STAT_H 1
| #define HAVE_STDLIB_H 1
| #define HAVE_STRING_H 1
| #define HAVE_MEMORY_H 1
| #define HAVE_STRINGS_H 1
| #define HAVE_INTTYPES_H 1
| #define HAVE_STDINT_H 1
| #define HAVE_UNISTD_H 1
| #define HAVE_X11_XPM_H 1
| #define HAVE_X11_XLIB_H 1
| #define HAVE_X11_INTRINSIC_H 1
| #define HAVE_XTAPPSETEXITFLAG 1
| /* end confdefs.h.  */
| #include <ft2build.h>
configure:10058: result: no
configure:10093: checking for ft2build.h
configure:10100: result: no
configure:10212: result: not using freetype2 library
configure:10268: checking whether to use libpaper library
configure:10275: result: maybe
configure:10326: checking where to find the libpaper header files
configure:10333: result: 
configure:10366: checking paper.h usability
configure:10378: /usr/local/bin/afl-clang-fast -c -g -O2    conftest.c >&5
conftest.c:67:10: fatal error: 'paper.h' file not found
#include <paper.h>
         ^~~~~~~~~
1 error generated.
configure:10384: $? = 1
configure: failed program was:
| /* confdefs.h.  */
| 
| #define PACKAGE_NAME ""
| #define PACKAGE_TARNAME ""
| #define PACKAGE_VERSION ""
| #define PACKAGE_STRING ""
| #define PACKAGE_BUGREPORT ""
| #define SYSTEM_XPDFRC "/home/epi/PycharmProjects/fuzzing-101-solutions/exercise-1/xpdf/install/etc/xpdfrc"
| #ifdef __cplusplus
| extern "C" void exit (int) throw ();
| #endif
| #define HAVE_DIRENT_H 1
| #define HAVE_REWINDDIR 1
| #define HAVE_POPEN 1
| #define HAVE_MKSTEMP 1
| #define HAVE_MKSTEMPS 1
| #define HAVE_FSEEKO 1
| #define STDC_HEADERS 1
| #define HAVE_SYS_TYPES_H 1
| #define HAVE_SYS_STAT_H 1
| #define HAVE_STDLIB_H 1
| #define HAVE_STRING_H 1
| #define HAVE_MEMORY_H 1
| #define HAVE_STRINGS_H 1
| #define HAVE_INTTYPES_H 1
| #define HAVE_STDINT_H 1
| #define HAVE_UNISTD_H 1
| #define HAVE_X11_XPM_H 1
| #define HAVE_X11_XLIB_H 1
| #define HAVE_X11_INTRINSIC_H 1
| #define HAVE_XTAPPSETEXITFLAG 1
| /* end confdefs.h.  */
| #include <stdio.h>
| #if HAVE_SYS_TYPES_H
| # include <sys/types.h>
| #endif
| #if HAVE_SYS_STAT_H
| # include <sys/stat.h>
| #endif
| #if STDC_HEADERS
| # include <stdlib.h>
| # include <stddef.h>
| #else
| # if HAVE_STDLIB_H
| #  include <stdlib.h>
| # endif
| #endif
| #if HAVE_STRING_H
| # if !STDC_HEADERS && HAVE_MEMORY_H
| #  include <memory.h>
| # endif
| # include <string.h>
| #endif
| #if HAVE_STRINGS_H
| # include <strings.h>
| #endif
| #if HAVE_INTTYPES_H
| # include <inttypes.h>
| #else
| # if HAVE_STDINT_H
| #  include <stdint.h>
| # endif
| #endif
| #if HAVE_UNISTD_H
| # include <unistd.h>
| #endif
| #include <paper.h>
configure:10407: result: no
configure:10411: checking paper.h presence
configure:10421: /usr/local/bin/afl-clang-fast -E    conftest.c
conftest.c:33:10: fatal error: 'paper.h' file not found
#include <paper.h>
         ^~~~~~~~~
1 error generated.
configure:10427: $? = 1
configure: failed program was:
| /* confdefs.h.  */
| 
| #define PACKAGE_NAME ""
| #define PACKAGE_TARNAME ""
| #define PACKAGE_VERSION ""
| #define PACKAGE_STRING ""
| #define PACKAGE_BUGREPORT ""
| #define SYSTEM_XPDFRC "/home/epi/PycharmProjects/fuzzing-101-solutions/exercise-1/xpdf/install/etc/xpdfrc"
| #ifdef __cplusplus
| extern "C" void exit (int) throw ();
| #endif
| #define HAVE_DIRENT_H 1
| #define HAVE_REWINDDIR 1
| #define HAVE_POPEN 1
| #define HAVE_MKSTEMP 1
| #define HAVE_MKSTEMPS 1
| #define HAVE_FSEEKO 1
| #define STDC_HEADERS 1
| #define HAVE_SYS_TYPES_H 1
| #define HAVE_SYS_STAT_H 1
| #define HAVE_STDLIB_H 1
| #define HAVE_STRING_H 1
| #define HAVE_MEMORY_H 1
| #define HAVE_STRINGS_H 1
| #define HAVE_INTTYPES_H 1
| #define HAVE_STDINT_H 1
| #define HAVE_UNISTD_H 1
| #define HAVE_X11_XPM_H 1
| #define HAVE_X11_XLIB_H 1
| #define HAVE_X11_INTRINSIC_H 1
| #define HAVE_XTAPPSETEXITFLAG 1
| /* end confdefs.h.  */
| #include <paper.h>
configure:10447: result: no
configure:10482: checking for paper.h
configure:10489: result: no
configure:10601: result: not using libpaper library
configure:10729: creating ./config.status

## ---------------------- ##
## Running config.status. ##
## ---------------------- ##

This file was extended by config.status, which was
generated by GNU Autoconf 2.59.  Invocation command line was

  CONFIG_FILES    = 
  CONFIG_HEADERS  = 
  CONFIG_LINKS    = 
  CONFIG_COMMANDS = 
  $ ./config.status 

on main

config.status:686: creating Makefile
config.status:686: creating goo/Makefile
config.status:686: creating fofi/Makefile
config.status:686: creating splash/Makefile
config.status:686: creating xpdf/Makefile
config.status:790: creating aconf.h
config.status:914: aconf.h is unchanged
configure:11794: WARNING: Couldn't find Motif
configure:11798: WARNING: Couldn't find FreeType
configure:11802: WARNING: -- You will be able to compile pdftops, pdftotext,
        pdfinfo, pdffonts, and pdfimages, but not xpdf or pdftoppm

## ---------------- ##
## Cache variables. ##
## ---------------- ##

ac_cv_c_compiler_gnu=yes
ac_cv_cxx_compiler_gnu=yes
ac_cv_env_CC_set=set
ac_cv_env_CC_value=/usr/local/bin/afl-clang-fast
ac_cv_env_CFLAGS_set=
ac_cv_env_CFLAGS_value=
ac_cv_env_CPPFLAGS_set=
ac_cv_env_CPPFLAGS_value=
ac_cv_env_CPP_set=
ac_cv_env_CPP_value=
ac_cv_env_CXXFLAGS_set=
ac_cv_env_CXXFLAGS_value=
ac_cv_env_CXX_set=set
ac_cv_env_CXX_value=/usr/local/bin/afl-clang-fast++
ac_cv_env_LDFLAGS_set=
ac_cv_env_LDFLAGS_value=
ac_cv_env_build_alias_set=
ac_cv_env_build_alias_value=
ac_cv_env_host_alias_set=
ac_cv_env_host_alias_value=
ac_cv_env_target_alias_set=
ac_cv_env_target_alias_value=
ac_cv_exeext=
ac_cv_func_connect=yes
ac_cv_func_fseek64=no
ac_cv_func_fseeko=yes
ac_cv_func_ftell64=no
ac_cv_func_gethostbyname=yes
ac_cv_func_popen=yes
ac_cv_func_remove=yes
ac_cv_func_rewinddir=yes
ac_cv_func_shmat=yes
ac_cv_have_x='have_x=yes 		ac_x_includes= ac_x_libraries='
ac_cv_header_Sgm_HPanedW_h=no
ac_cv_header_X11_Intrinsic_h=yes
ac_cv_header_X11_Xlib_h=yes
ac_cv_header_X11_extensions_Print_h=no
ac_cv_header_X11_xpm_h=yes
ac_cv_header_Xm_XmAll_h=no
ac_cv_header_dirent_dirent_h=yes
ac_cv_header_ft2build_h=no
ac_cv_header_inttypes_h=yes
ac_cv_header_memory_h=yes
ac_cv_header_paper_h=no
ac_cv_header_stdc=yes
ac_cv_header_stdint_h=yes
ac_cv_header_stdlib_h=yes
ac_cv_header_string_h=yes
ac_cv_header_strings_h=yes
ac_cv_header_sys_stat_h=yes
ac_cv_header_sys_types_h=yes
ac_cv_header_t1lib_h=no
ac_cv_header_unistd_h=yes
ac_cv_lib_ICE_IceConnectionNumber=yes
ac_cv_lib_Xext_XextAddDisplay=yes
ac_cv_lib_Xpm_XpmCreatePixmapFromData=yes
ac_cv_lib_Xt_XtAppInitialize=yes
ac_cv_lib_Xt_XtAppSetExitFlag=yes
ac_cv_objext=o
ac_cv_path_install='/usr/bin/install -c'
ac_cv_prog_CPP='/usr/local/bin/afl-clang-fast -E'
ac_cv_prog_ac_ct_CC=/usr/local/bin/afl-clang-fast
ac_cv_prog_ac_ct_RANLIB=ranlib
ac_cv_prog_cc_g=yes
ac_cv_prog_cc_stdc=
ac_cv_prog_cxx_g=yes
ac_cv_prog_egrep='grep -E'
ac_cv_search_opendir='none required'
ac_cv_search_strerror='none required'
ac_cv_sys_file_offset_bits=no
ac_cv_sys_large_files=no
ac_cv_sys_largefile_CC=no
ac_cv_sys_largefile_source=no
smr_cv_with_Sgm_includes=
smr_cv_with_Sgm_library=maybe
smr_cv_with_Xext_includes=
smr_cv_with_Xext_library=maybe
smr_cv_with_Xm_includes=
smr_cv_with_Xm_library=maybe
smr_cv_with_Xp_includes=
smr_cv_with_Xp_library=maybe
smr_cv_with_Xpm_includes=
smr_cv_with_Xpm_library=maybe
smr_cv_with_Xt_includes=
smr_cv_with_Xt_library=maybe
smr_cv_with_freetype2_includes=
smr_cv_with_freetype2_library=maybe
smr_cv_with_libpaper_includes=
smr_cv_with_libpaper_library=maybe
smr_cv_with_t1_includes=
smr_cv_with_t1_library=maybe
xpdf_cv_func_fseek64=no
xpdf_cv_func_ftell64=no
xpdf_cv_func_mkstemp=yes
xpdf_cv_func_mkstemps=yes
xpdf_cv_func_select_arg=yes
xpdf_cv_sys_dos=no
xpdf_cv_sys_os2=no

## ----------------- ##
## Output variables. ##
## ----------------- ##

AR='ar rc'
CC='/usr/local/bin/afl-clang-fast'
CFLAGS='-g -O2'
CPP='/usr/local/bin/afl-clang-fast -E'
CPPFLAGS=''
CXX='/usr/local/bin/afl-clang-fast++'
CXXFLAGS='-g -O2'
DEFS='-DHAVE_CONFIG_H'
ECHO_C=''
ECHO_N='-n'
ECHO_T=''
EGREP='grep -E'
EXE=''
EXEEXT=''
INSTALL_DATA='${INSTALL} -m 644'
INSTALL_PROGRAM='${INSTALL}'
INSTALL_SCRIPT='${INSTALL}'
LDFLAGS=''
LIBOBJS=''
LIBPREFIX='lib'
LIBS=''
LTLIBOBJS=''
OBJEXT='o'
PACKAGE_BUGREPORT=''
PACKAGE_NAME=''
PACKAGE_STRING=''
PACKAGE_TARNAME=''
PACKAGE_VERSION=''
PATH_SEPARATOR=':'
RANLIB='ranlib'
SHELL='/bin/bash'
Sgm_CFLAGS=''
Sgm_LIBS=''
UP_DIR=''
X='#'
XPDF_TARGET='all-no-x'
X_CFLAGS=''
X_EXTRA_LIBS=''
X_LIBS=''
X_PRE_LIBS=' -lSM -lICE'
Xext_CFLAGS=''
Xext_LIBS='-lXext'
Xm_CFLAGS=''
Xm_LIBS=''
Xp_CFLAGS=''
Xp_LIBS=''
Xpm_CFLAGS=''
Xpm_LIBS='-lXpm'
Xt_CFLAGS=''
Xt_LIBS='-lXt'
ac_ct_CC='/usr/local/bin/afl-clang-fast'
ac_ct_CXX=''
ac_ct_RANLIB='ranlib'
bindir='${exec_prefix}/bin'
build_alias=''
datadir='${prefix}/share'
exec_prefix='${prefix}'
freetype2_CFLAGS=''
freetype2_LIBS=''
host_alias=''
includedir='${prefix}/include'
infodir='${prefix}/info'
libdir='${exec_prefix}/lib'
libexecdir='${exec_prefix}/libexec'
libpaper_CFLAGS=''
libpaper_LIBS=''
localstatedir='${prefix}/var'
mandir='${prefix}/man'
oldincludedir='/usr/include'
prefix='/home/epi/PycharmProjects/fuzzing-101-solutions/exercise-1/xpdf/install'
program_transform_name='s,x,x,'
sbindir='${exec_prefix}/sbin'
sharedstatedir='${prefix}/com'
sysconfdir='${prefix}/etc'
t1_CFLAGS=''
t1_LIBS=''
target_alias=''

## ----------- ##
## confdefs.h. ##
## ----------- ##

#define HAVE_DIRENT_H 1
#define HAVE_FSEEKO 1
#define HAVE_INTTYPES_H 1
#define HAVE_MEMORY_H 1
#define HAVE_MKSTEMP 1
#define HAVE_MKSTEMPS 1
#define HAVE_POPEN 1
#define HAVE_REWINDDIR 1
#define HAVE_STDINT_H 1
#define HAVE_STDLIB_H 1
#define HAVE_STRINGS_H 1
#define HAVE_STRING_H 1
#define HAVE_SYS_STAT_H 1
#define HAVE_SYS_TYPES_H 1
#define HAVE_UNISTD_H 1
#define HAVE_X11_INTRINSIC_H 1
#define HAVE_X11_XLIB_H 1
#define HAVE_X11_XPM_H 1
#define HAVE_XTAPPSETEXITFLAG 1
#define PACKAGE_BUGREPORT ""
#define PACKAGE_NAME ""
#define PACKAGE_STRING ""
#define PACKAGE_TARNAME ""
#define PACKAGE_VERSION ""
#define STDC_HEADERS 1
#define SYSTEM_XPDFRC "/home/epi/PycharmProjects/fuzzing-101-solutions/exercise-1/xpdf/install/etc/xpdfrc"
#endif
#ifdef __cplusplus
extern "C" void exit (int) throw ();

configure: exit 0
